<?xml version="1.0" encoding="UTF-8"?>
<!-- Generated by org.testng.reporters.JUnitReportReporter -->
<testsuite hostname="DESKTOP-HU52OQ2" failures="0" tests="1" name="com.qa.base.BaseTest" time="0.012" errors="0" timestamp="2024-05-25T23:24:19 IST" skipped="0">
  <testcase classname="com.qa.base.BaseTest" name="TestMethod" time="0.012"/>
</testsuite> <!-- com.qa.base.BaseTest -->
