<?xml version="1.0" encoding="UTF-8"?>
<!-- Generated by org.testng.reporters.JUnitReportReporter -->
<testsuite hostname="DESKTOP-HU52OQ2" failures="0" tests="1" name="com.qa.controller.TestSuiteExecutor" time="1183.758" errors="0" timestamp="2024-06-03T10:31:01 IST" skipped="0">
  <testcase classname="com.qa.controller.TestSuiteExecutor" name="TestClassExecutionSetup" time="1183.758"/>
</testsuite> <!-- com.qa.controller.TestSuiteExecutor -->
