<?xml version="1.0" encoding="UTF-8"?>
<!-- Generated by org.testng.reporters.JUnitReportReporter -->
<testsuite hostname="DESKTOP-HU52OQ2" failures="0" tests="1" name="com.qa.controller.TestSuiteExecutor" time="955.399" errors="0" timestamp="2024-06-05T22:23:13 IST" skipped="0">
  <testcase classname="com.qa.controller.TestSuiteExecutor" name="TestClassExecutionSetup" time="955.399"/>
</testsuite> <!-- com.qa.controller.TestSuiteExecutor -->
